\BOOKMARK [1][]{section.4}{Introduction}{}% 1
\BOOKMARK [1][]{section.5}{Structure of the paper}{}% 2
\BOOKMARK [2][]{subsection.6}{Title page}{section.5}% 3
\BOOKMARK [2][]{subsection.7}{Body of the text}{section.5}% 4
\BOOKMARK [1][]{section.8}{Typographical style and layout}{}% 5
\BOOKMARK [2][]{subsection.9}{Type area}{section.8}% 6
\BOOKMARK [2][]{subsection.10}{Font}{section.8}% 7
\BOOKMARK [2][]{subsection.11}{General layout}{section.8}% 8
\BOOKMARK [2][]{subsection.12}{Title page}{section.8}% 9
\BOOKMARK [2][]{subsection.13}{\(Sub-\)section headings}{section.8}% 10
\BOOKMARK [2][]{subsection.14}{Footnotes and endnotes}{section.8}% 11
\BOOKMARK [2][]{subsection.15}{References}{section.8}% 12
\BOOKMARK [2][]{subsection.17}{Figures}{section.8}% 13
\BOOKMARK [3][]{subsubsection.18}{General remarks on figures}{subsection.17}% 14
\BOOKMARK [3][]{subsubsection.19}{Quality of illustrations}{subsection.17}% 15
\BOOKMARK [3][]{subsubsection.21}{Color figures}{subsection.17}% 16
\BOOKMARK [2][]{subsection.22}{Tables}{section.8}% 17
\BOOKMARK [2][]{subsection.23}{Equations}{section.8}% 18
\BOOKMARK [1][]{section.24}{Fine tuning}{}% 19
\BOOKMARK [2][]{subsection.25}{Type area}{section.24}% 20
\BOOKMARK [2][]{subsection.26}{Capitalization}{section.24}% 21
\BOOKMARK [2][]{subsection.27}{Page numbers and running headlines}{section.24}% 22
\BOOKMARK [1][]{section.28}{Submitting the paper}{}% 23
\BOOKMARK [1][]{section.31}{Copyright}{}% 24
\BOOKMARK [2][]{subsection.32}{Quoting from other publications}{section.31}% 25
\BOOKMARK [1][]{section.33}{How to order reprints, a pdf file, journals, or IOS Press books}{}% 26
\BOOKMARK [1][]{section*.1.1}{Acknowledgements}{}% 27
\BOOKMARK [1][]{section*.2.1}{Appendix A. Appendix title}{}% 28
\BOOKMARK [2][]{subsection.37}{First subsection}{section*.2.1}% 29
\BOOKMARK [2][]{subsection.38}{Second subsection}{section*.2.1}% 30
\BOOKMARK [1][]{section*.3.1}{References}{}% 31
